<?xml version="1.0" encoding="UTF-8"?>
<!-- Generated by org.testng.reporters.JUnitXMLReporter -->
<testsuite hostname="DESKTOP-P9RS1G1" ignored="0" name="Test" tests="7" failures="0" timestamp="15 Apr 2022 22:26:36 GMT" time="75.348" errors="0">
  <testcase name="Setup" time="7.022" classname="com.example.demo.RegisterLogin"/>
  <testcase name="userFailTestcase" time="8.877" classname="com.example.demo.RegisterLogin"/>
  <testcase name="userRegister" time="8.986" classname="com.example.demo.RegisterLogin"/>
  <testcase name="userPassTestcase" time="8.535" classname="com.example.demo.RegisterLogin"/>
  <testcase name="searchProduct" time="18.726" classname="com.example.demo.RegisterLogin"/>
  <testcase name="checkoutform" time="18.918" classname="com.example.demo.RegisterLogin"/>
  <testcase name="TearDown" time="4.233" classname="com.example.demo.RegisterLogin"/>
</testsuite> <!-- Test -->
